<?xml version="1.0" encoding="UTF-8"?>
<!-- Generated by org.testng.reporters.JUnitXMLReporter -->
<testsuite hostname="DESKTOP-6SRVFDT" ignored="3" name="Test" tests="1" failures="1" timestamp="16 May 2019 08:29:28 GMT" time="0.087" errors="0">
  <testcase name="test2" time="0.024" classname="listeners.testNGListenerDemo">
    <failure type="java.lang.AssertionError" message="expected [true] but found [false]">
      <![CDATA[java.lang.AssertionError: expected [true] but found [false]
at listeners.testNGListenerDemo.test2(testNGListenerDemo.java:47)
... Removed 29 stack frames]]>
    </failure>
  </testcase> <!-- test2 -->
  <testcase name="test1" time="0.0" classname="listeners.testNGListenerDemo">
    <ignored/>
  </testcase> <!-- test1 -->
  <testcase name="test3" time="0.0" classname="listeners.testNGListenerDemo">
    <ignored/>
  </testcase> <!-- test3 -->
  <testcase name="test4" time="0.0" classname="listeners.testNGListenerDemo">
    <ignored/>
  </testcase> <!-- test4 -->
</testsuite> <!-- Test -->
