<?xml version="1.0" encoding="UTF-8"?>
<testng-results skipped="0" failed="0" ignored="0" total="1" passed="1">
  <reporter-output>
  </reporter-output>
  <suite name="Default suite" duration-ms="132359" started-at="2019-05-20T07:19:11Z" finished-at="2019-05-20T07:21:24Z">
    <groups>
    </groups>
    <test name="Default test" duration-ms="132359" started-at="2019-05-20T07:19:11Z" finished-at="2019-05-20T07:21:24Z">
      <class name="Dynamic.webElements">
        <test-method status="PASS" signature="setup()[pri:0, instance:Dynamic.webElements@402a079c]" name="setup" is-config="true" duration-ms="120138" started-at="2019-05-20T07:19:11Z" finished-at="2019-05-20T07:21:12Z">
          <reporter-output>
          </reporter-output>
        </test-method> <!-- setup -->
        <test-method status="PASS" signature="Handle_Dynamic_Webtable()[pri:0, instance:Dynamic.webElements@402a079c]" name="Handle_Dynamic_Webtable" duration-ms="10303" started-at="2019-05-20T07:21:12Z" finished-at="2019-05-20T07:21:22Z">
          <reporter-output>
          </reporter-output>
        </test-method> <!-- Handle_Dynamic_Webtable -->
        <test-method status="PASS" signature="tearDown()[pri:0, instance:Dynamic.webElements@402a079c]" name="tearDown" is-config="true" duration-ms="1731" started-at="2019-05-20T07:21:22Z" finished-at="2019-05-20T07:21:24Z">
          <reporter-output>
          </reporter-output>
        </test-method> <!-- tearDown -->
      </class> <!-- Dynamic.webElements -->
    </test> <!-- Default test -->
  </suite> <!-- Default suite -->
</testng-results>
